<?xml version="1.0" encoding="UTF-8"?>
<testng-results skipped="0" failed="0" ignored="0" total="1" passed="1">
  <reporter-output>
    <line>
      <![CDATA[open Application]]>
    </line>
    <line>
      <![CDATA[sample]]>
    </line>
    <line>
      <![CDATA[close Application]]>
    </line>
  </reporter-output>
  <suite name="Default suite" duration-ms="17119" started-at="2018-09-26T09:53:06Z" finished-at="2018-09-26T09:53:24Z">
    <groups>
    </groups>
    <test name="Default test" duration-ms="17119" started-at="2018-09-26T09:53:06Z" finished-at="2018-09-26T09:53:24Z">
      <class name="script.TestDemo">
        <test-method status="PASS" signature="openApplication()[pri:0, instance:script.TestDemo@371a67ec]" name="openApplication" is-config="true" duration-ms="16533" started-at="2018-09-26T09:53:06Z" finished-at="2018-09-26T09:53:23Z">
          <reporter-output>
            <line>
              <![CDATA[open Application]]>
            </line>
          </reporter-output>
        </test-method> <!-- openApplication -->
        <test-method status="PASS" signature="demo()[pri:0, instance:script.TestDemo@371a67ec]" name="demo" duration-ms="8" started-at="2018-09-26T09:53:23Z" finished-at="2018-09-26T09:53:23Z">
          <reporter-output>
            <line>
              <![CDATA[sample]]>
            </line>
          </reporter-output>
        </test-method> <!-- demo -->
        <test-method status="PASS" signature="closeApplication()[pri:0, instance:script.TestDemo@371a67ec]" name="closeApplication" is-config="true" duration-ms="552" started-at="2018-09-26T09:53:23Z" finished-at="2018-09-26T09:53:24Z">
          <reporter-output>
            <line>
              <![CDATA[close Application]]>
            </line>
          </reporter-output>
        </test-method> <!-- closeApplication -->
      </class> <!-- script.TestDemo -->
    </test> <!-- Default test -->
  </suite> <!-- Default suite -->
</testng-results>
